<?xml version="1.0" encoding="UTF-8"?>
<testsuite xmlns:xsi="http://www.w3.org/2001/XMLSchema-instance" xsi:noNamespaceSchemaLocation="https://maven.apache.org/surefire/maven-surefire-plugin/xsd/surefire-test-report-3.0.xsd" version="3.0" name="org.ncg.notes.index.NotesIndexEvictionHandlerTest" time="0.562" tests="1" errors="0" skipped="0" failures="0">
  <properties>
[...]
</properties>
  <testcase name="shouldSuccessfullyEvictPatientFromIndex" classname="org.ncg.notes.index.NotesIndexEvictionHandlerTest" time="0.55">
    <system-err><![CDATA[WARNING: A Java agent has been loaded dynamically (/Users/dhananjaypatkar/.m2/repository/net/bytebuddy/byte-buddy-agent/1.14.12/byte-buddy-agent-1.14.12.jar)
WARNING: If a serviceability tool is in use, please run with -XX:+EnableDynamicAgentLoading to hide this warning
WARNING: If a serviceability tool is not in use, please run with -Djdk.instrument.traceUsage for more information
WARNING: Dynamic loading of agents will be disallowed by default in a future release
[main] INFO org.ncg.notes.index.NotesIndexEvictionHandler - Received Index Eviction Request
[main] INFO org.ncg.notes.index.NotesIndexEvictionHandler - Successfully evicted 12 notes from index for patient PAT-100 (tenant=HOSP-WEST)
]]></system-err>
  </testcase>
</testsuite>