<?xml version="1.0" encoding="UTF-8"?>
<testsuite xmlns:xsi="http://www.w3.org/2001/XMLSchema-instance" xsi:noNamespaceSchemaLocation="https://maven.apache.org/surefire/maven-surefire-plugin/xsd/surefire-test-report-3.0.xsd" version="3.0" name="org.ncg.notes.common.adapter.OpenSearchIndexClientTest" time="0.145" tests="6" errors="0" skipped="0" failures="0">
  <properties>
[...]
</properties>
  <testcase name="shouldBuildStandardTenantAndPatientFilter" classname="org.ncg.notes.common.adapter.OpenSearchIndexClientTest" time="0.137">
    <system-err><![CDATA[SLF4J(W): No SLF4J providers were found.
SLF4J(W): Defaulting to no-operation (NOP) logger implementation
SLF4J(W): See https://www.slf4j.org/codes.html#noProviders for further details.
]]></system-err>
  </testcase>
  <testcase name="shouldCombineTenantFilterAndAbhaQueryWhenSingleTenantSpecified" classname="org.ncg.notes.common.adapter.OpenSearchIndexClientTest" time="0.001"/>
  <testcase name="shouldOmitTenantFilterWhenTenantIsNull" classname="org.ncg.notes.common.adapter.OpenSearchIndexClientTest" time="0.0"/>
  <testcase name="shouldOmitTenantFilterWhenTenantIsAll" classname="org.ncg.notes.common.adapter.OpenSearchIndexClientTest" time="0.0"/>
  <testcase name="shouldBuildAbhaQueryWithBoolShouldMatchingRawAndMaskedTokens" classname="org.ncg.notes.common.adapter.OpenSearchIndexClientTest" time="0.0"/>
  <testcase name="shouldProduceConsistentAbhaHash" classname="org.ncg.notes.common.adapter.OpenSearchIndexClientTest" time="0.002"/>
</testsuite>